<?xml version="1.0" encoding="UTF-8"?>
<testng-results skipped="2" failed="2" ignored="0" total="8" passed="4">
  <reporter-output>
  </reporter-output>
  <suite name="ReservarVuelo" duration-ms="118927" started-at="2017-11-11T02:17:30Z" finished-at="2017-11-11T02:19:29Z">
    <groups>
    </groups>
    <test name="t001" duration-ms="33344" started-at="2017-11-11T02:17:30Z" finished-at="2017-11-11T02:18:03Z">
      <class name="test.reservarvuelo.ValidarCampos">
        <test-method status="PASS" signature="initializeTestBaseSetup()[pri:0, instance:test.reservarvuelo.ValidarCampos@26653222]" name="initializeTestBaseSetup" is-config="true" duration-ms="24252" started-at="2017-11-10T21:17:30Z" finished-at="2017-11-10T21:17:54Z">
          <reporter-output>
          </reporter-output>
        </test-method> <!-- initializeTestBaseSetup -->
        <test-method status="FAIL" signature="findFlight()[pri:0, instance:test.reservarvuelo.ValidarCampos@26653222]" name="findFlight" duration-ms="8609" started-at="2017-11-10T21:17:54Z" finished-at="2017-11-10T21:18:03Z">
          <exception class="java.lang.AssertionError">
            <message>
              <![CDATA[No se encontró el radio round trip]]>
            </message>
            <full-stacktrace>
              <![CDATA[java.lang.AssertionError: No se encontró el radio round trip
	at org.testng.Assert.fail(Assert.java:93)
	at test.reservarvuelo.ValidarCampos.findFlight(ValidarCampos.java:14)
	at sun.reflect.NativeMethodAccessorImpl.invoke0(Native Method)
	at sun.reflect.NativeMethodAccessorImpl.invoke(NativeMethodAccessorImpl.java:62)
	at sun.reflect.DelegatingMethodAccessorImpl.invoke(DelegatingMethodAccessorImpl.java:43)
	at java.lang.reflect.Method.invoke(Method.java:498)
	at org.testng.internal.MethodInvocationHelper.invokeMethod(MethodInvocationHelper.java:108)
	at org.testng.internal.Invoker.invokeMethod(Invoker.java:661)
	at org.testng.internal.Invoker.invokeTestMethod(Invoker.java:869)
	at org.testng.internal.Invoker.invokeTestMethods(Invoker.java:1193)
	at org.testng.internal.TestMethodWorker.invokeTestMethods(TestMethodWorker.java:126)
	at org.testng.internal.TestMethodWorker.run(TestMethodWorker.java:109)
	at org.testng.TestRunner.privateRun(TestRunner.java:744)
	at org.testng.TestRunner.run(TestRunner.java:602)
	at org.testng.SuiteRunner.runTest(SuiteRunner.java:380)
	at org.testng.SuiteRunner.runSequentially(SuiteRunner.java:375)
	at org.testng.SuiteRunner.privateRun(SuiteRunner.java:340)
	at org.testng.SuiteRunner.run(SuiteRunner.java:289)
	at org.testng.SuiteRunnerWorker.runSuite(SuiteRunnerWorker.java:52)
	at org.testng.SuiteRunnerWorker.run(SuiteRunnerWorker.java:86)
	at org.testng.TestNG.runSuitesSequentially(TestNG.java:1301)
	at org.testng.TestNG.runSuitesLocally(TestNG.java:1226)
	at org.testng.TestNG.runSuites(TestNG.java:1144)
	at org.testng.TestNG.run(TestNG.java:1115)
	at org.testng.remote.AbstractRemoteTestNG.run(AbstractRemoteTestNG.java:114)
	at org.testng.remote.RemoteTestNG.initAndRun(RemoteTestNG.java:251)
	at org.testng.remote.RemoteTestNG.main(RemoteTestNG.java:77)
]]>
            </full-stacktrace>
          </exception> <!-- java.lang.AssertionError -->
          <reporter-output>
          </reporter-output>
        </test-method> <!-- findFlight -->
        <test-method status="PASS" signature="tearDown()[pri:0, instance:test.reservarvuelo.ValidarCampos@26653222]" name="tearDown" is-config="true" duration-ms="352" started-at="2017-11-10T21:18:03Z" finished-at="2017-11-10T21:18:03Z">
          <reporter-output>
          </reporter-output>
        </test-method> <!-- tearDown -->
      </class> <!-- test.reservarvuelo.ValidarCampos -->
    </test> <!-- t001 -->
    <test name="t002" duration-ms="62460" started-at="2017-11-11T02:18:03Z" finished-at="2017-11-11T02:19:06Z">
      <class name="test.reservarvuelo.ReservarCorrecto">
        <test-method status="PASS" signature="initializeTestBaseSetup()[pri:0, instance:test.reservarvuelo.ReservarCorrecto@548e7350]" name="initializeTestBaseSetup" is-config="true" duration-ms="3267" started-at="2017-11-10T21:18:03Z" finished-at="2017-11-10T21:18:07Z">
          <reporter-output>
          </reporter-output>
        </test-method> <!-- initializeTestBaseSetup -->
        <test-method status="FAIL" signature="buscarVuelos()[pri:0, instance:test.reservarvuelo.ReservarCorrecto@548e7350]" name="buscarVuelos" duration-ms="58881" started-at="2017-11-10T21:18:07Z" finished-at="2017-11-10T21:19:06Z">
          <exception class="java.lang.NullPointerException">
            <full-stacktrace>
              <![CDATA[java.lang.NullPointerException
	at sun.reflect.NativeMethodAccessorImpl.invoke0(Native Method)
	at sun.reflect.NativeMethodAccessorImpl.invoke(NativeMethodAccessorImpl.java:62)
	at sun.reflect.DelegatingMethodAccessorImpl.invoke(DelegatingMethodAccessorImpl.java:43)
	at java.lang.reflect.Method.invoke(Method.java:498)
	at org.openqa.selenium.support.pagefactory.internal.LocatingElementHandler.invoke(LocatingElementHandler.java:51)
	at com.sun.proxy.$Proxy9.isDisplayed(Unknown Source)
	at base.PageBase.isElementPresentAndDisplay(PageBase.java:90)
	at base.PageBase.selectDropdownValue(PageBase.java:115)
	at pagesObjects.FindFlightPage.buscar(FindFlightPage.java:115)
	at test.reservarvuelo.ReservarCorrecto.buscarVuelos(ReservarCorrecto.java:14)
	at sun.reflect.NativeMethodAccessorImpl.invoke0(Native Method)
	at sun.reflect.NativeMethodAccessorImpl.invoke(NativeMethodAccessorImpl.java:62)
	at sun.reflect.DelegatingMethodAccessorImpl.invoke(DelegatingMethodAccessorImpl.java:43)
	at java.lang.reflect.Method.invoke(Method.java:498)
	at org.testng.internal.MethodInvocationHelper.invokeMethod(MethodInvocationHelper.java:108)
	at org.testng.internal.Invoker.invokeMethod(Invoker.java:661)
	at org.testng.internal.Invoker.invokeTestMethod(Invoker.java:869)
	at org.testng.internal.Invoker.invokeTestMethods(Invoker.java:1193)
	at org.testng.internal.TestMethodWorker.invokeTestMethods(TestMethodWorker.java:126)
	at org.testng.internal.TestMethodWorker.run(TestMethodWorker.java:109)
	at org.testng.TestRunner.privateRun(TestRunner.java:744)
	at org.testng.TestRunner.run(TestRunner.java:602)
	at org.testng.SuiteRunner.runTest(SuiteRunner.java:380)
	at org.testng.SuiteRunner.runSequentially(SuiteRunner.java:375)
	at org.testng.SuiteRunner.privateRun(SuiteRunner.java:340)
	at org.testng.SuiteRunner.run(SuiteRunner.java:289)
	at org.testng.SuiteRunnerWorker.runSuite(SuiteRunnerWorker.java:52)
	at org.testng.SuiteRunnerWorker.run(SuiteRunnerWorker.java:86)
	at org.testng.TestNG.runSuitesSequentially(TestNG.java:1301)
	at org.testng.TestNG.runSuitesLocally(TestNG.java:1226)
	at org.testng.TestNG.runSuites(TestNG.java:1144)
	at org.testng.TestNG.run(TestNG.java:1115)
	at org.testng.remote.AbstractRemoteTestNG.run(AbstractRemoteTestNG.java:114)
	at org.testng.remote.RemoteTestNG.initAndRun(RemoteTestNG.java:251)
	at org.testng.remote.RemoteTestNG.main(RemoteTestNG.java:77)
]]>
            </full-stacktrace>
          </exception> <!-- java.lang.NullPointerException -->
          <reporter-output>
          </reporter-output>
        </test-method> <!-- buscarVuelos -->
        <test-method status="SKIP" signature="seleccionarVuelo()[pri:0, instance:test.reservarvuelo.ReservarCorrecto@548e7350]" name="seleccionarVuelo" duration-ms="0" started-at="2017-11-10T21:19:06Z" depends-on-methods="test.reservarvuelo.ReservarCorrecto.buscarVuelos" finished-at="2017-11-10T21:19:06Z">
          <exception class="java.lang.Throwable">
            <message>
              <![CDATA[Method ReservarCorrecto.seleccionarVuelo()[pri:0, instance:test.reservarvuelo.ReservarCorrecto@548e7350] depends on not successfully finished methods]]>
            </message>
            <full-stacktrace>
              <![CDATA[java.lang.Throwable: Method ReservarCorrecto.seleccionarVuelo()[pri:0, instance:test.reservarvuelo.ReservarCorrecto@548e7350] depends on not successfully finished methods
	at org.testng.internal.Invoker.invokeTestMethods(Invoker.java:1084)
	at org.testng.internal.TestMethodWorker.invokeTestMethods(TestMethodWorker.java:126)
	at org.testng.internal.TestMethodWorker.run(TestMethodWorker.java:109)
	at org.testng.TestRunner.privateRun(TestRunner.java:744)
	at org.testng.TestRunner.run(TestRunner.java:602)
	at org.testng.SuiteRunner.runTest(SuiteRunner.java:380)
	at org.testng.SuiteRunner.runSequentially(SuiteRunner.java:375)
	at org.testng.SuiteRunner.privateRun(SuiteRunner.java:340)
	at org.testng.SuiteRunner.run(SuiteRunner.java:289)
	at org.testng.SuiteRunnerWorker.runSuite(SuiteRunnerWorker.java:52)
	at org.testng.SuiteRunnerWorker.run(SuiteRunnerWorker.java:86)
	at org.testng.TestNG.runSuitesSequentially(TestNG.java:1301)
	at org.testng.TestNG.runSuitesLocally(TestNG.java:1226)
	at org.testng.TestNG.runSuites(TestNG.java:1144)
	at org.testng.TestNG.run(TestNG.java:1115)
	at org.testng.remote.AbstractRemoteTestNG.run(AbstractRemoteTestNG.java:114)
	at org.testng.remote.RemoteTestNG.initAndRun(RemoteTestNG.java:251)
	at org.testng.remote.RemoteTestNG.main(RemoteTestNG.java:77)
]]>
            </full-stacktrace>
          </exception> <!-- java.lang.Throwable -->
          <reporter-output>
          </reporter-output>
        </test-method> <!-- seleccionarVuelo -->
        <test-method status="SKIP" signature="reservarVuelo()[pri:0, instance:test.reservarvuelo.ReservarCorrecto@548e7350]" name="reservarVuelo" duration-ms="0" started-at="2017-11-10T21:19:06Z" depends-on-methods="test.reservarvuelo.ReservarCorrecto.seleccionarVuelo" finished-at="2017-11-10T21:19:06Z">
          <exception class="java.lang.Throwable">
            <message>
              <![CDATA[Method ReservarCorrecto.reservarVuelo()[pri:0, instance:test.reservarvuelo.ReservarCorrecto@548e7350] depends on not successfully finished methods]]>
            </message>
            <full-stacktrace>
              <![CDATA[java.lang.Throwable: Method ReservarCorrecto.reservarVuelo()[pri:0, instance:test.reservarvuelo.ReservarCorrecto@548e7350] depends on not successfully finished methods
	at org.testng.internal.Invoker.invokeTestMethods(Invoker.java:1084)
	at org.testng.internal.TestMethodWorker.invokeTestMethods(TestMethodWorker.java:126)
	at org.testng.internal.TestMethodWorker.run(TestMethodWorker.java:109)
	at org.testng.TestRunner.privateRun(TestRunner.java:744)
	at org.testng.TestRunner.run(TestRunner.java:602)
	at org.testng.SuiteRunner.runTest(SuiteRunner.java:380)
	at org.testng.SuiteRunner.runSequentially(SuiteRunner.java:375)
	at org.testng.SuiteRunner.privateRun(SuiteRunner.java:340)
	at org.testng.SuiteRunner.run(SuiteRunner.java:289)
	at org.testng.SuiteRunnerWorker.runSuite(SuiteRunnerWorker.java:52)
	at org.testng.SuiteRunnerWorker.run(SuiteRunnerWorker.java:86)
	at org.testng.TestNG.runSuitesSequentially(TestNG.java:1301)
	at org.testng.TestNG.runSuitesLocally(TestNG.java:1226)
	at org.testng.TestNG.runSuites(TestNG.java:1144)
	at org.testng.TestNG.run(TestNG.java:1115)
	at org.testng.remote.AbstractRemoteTestNG.run(AbstractRemoteTestNG.java:114)
	at org.testng.remote.RemoteTestNG.initAndRun(RemoteTestNG.java:251)
	at org.testng.remote.RemoteTestNG.main(RemoteTestNG.java:77)
]]>
            </full-stacktrace>
          </exception> <!-- java.lang.Throwable -->
          <reporter-output>
          </reporter-output>
        </test-method> <!-- reservarVuelo -->
        <test-method status="PASS" signature="tearDown()[pri:0, instance:test.reservarvuelo.ReservarCorrecto@548e7350]" name="tearDown" is-config="true" duration-ms="271" started-at="2017-11-10T21:19:06Z" finished-at="2017-11-10T21:19:06Z">
          <reporter-output>
          </reporter-output>
        </test-method> <!-- tearDown -->
      </class> <!-- test.reservarvuelo.ReservarCorrecto -->
    </test> <!-- t002 -->
    <test name="t003" duration-ms="22963" started-at="2017-11-11T02:19:06Z" finished-at="2017-11-11T02:19:29Z">
      <class name="test.reservarvuelo.ReservarByCruises">
        <test-method status="PASS" signature="initializeTestBaseSetup()[pri:0, instance:test.reservarvuelo.ReservarByCruises@464bee09]" name="initializeTestBaseSetup" is-config="true" duration-ms="4036" started-at="2017-11-10T21:19:06Z" finished-at="2017-11-10T21:19:10Z">
          <reporter-output>
          </reporter-output>
        </test-method> <!-- initializeTestBaseSetup -->
        <test-method status="PASS" signature="f()[pri:0, instance:test.reservarvuelo.ReservarByCruises@464bee09]" name="f" duration-ms="8627" started-at="2017-11-10T21:19:10Z" finished-at="2017-11-10T21:19:19Z">
          <reporter-output>
          </reporter-output>
        </test-method> <!-- f -->
        <test-method status="PASS" signature="buscarVuelos()[pri:0, instance:test.reservarvuelo.ReservarByCruises@464bee09]" name="buscarVuelos" duration-ms="3369" started-at="2017-11-10T21:19:19Z" depends-on-methods="test.reservarvuelo.ReservarByCruises.f" finished-at="2017-11-10T21:19:22Z">
          <reporter-output>
          </reporter-output>
        </test-method> <!-- buscarVuelos -->
        <test-method status="PASS" signature="seleccionarVuelo()[pri:0, instance:test.reservarvuelo.ReservarByCruises@464bee09]" name="seleccionarVuelo" duration-ms="1299" started-at="2017-11-10T21:19:22Z" depends-on-methods="test.reservarvuelo.ReservarByCruises.buscarVuelos" finished-at="2017-11-10T21:19:23Z">
          <reporter-output>
          </reporter-output>
        </test-method> <!-- seleccionarVuelo -->
        <test-method status="PASS" signature="reservarVuelo()[pri:0, instance:test.reservarvuelo.ReservarByCruises@464bee09]" name="reservarVuelo" duration-ms="5399" started-at="2017-11-10T21:19:23Z" depends-on-methods="test.reservarvuelo.ReservarByCruises.seleccionarVuelo" finished-at="2017-11-10T21:19:29Z">
          <reporter-output>
          </reporter-output>
        </test-method> <!-- reservarVuelo -->
        <test-method status="PASS" signature="tearDown()[pri:0, instance:test.reservarvuelo.ReservarByCruises@464bee09]" name="tearDown" is-config="true" duration-ms="223" started-at="2017-11-10T21:19:29Z" finished-at="2017-11-10T21:19:29Z">
          <reporter-output>
          </reporter-output>
        </test-method> <!-- tearDown -->
      </class> <!-- test.reservarvuelo.ReservarByCruises -->
    </test> <!-- t003 -->
  </suite> <!-- ReservarVuelo -->
</testng-results>
